<?xml version="1.0" encoding="UTF-8"?>
<!-- Generated by org.testng.reporters.JUnitXMLReporter -->
<testsuite ignored="0" hostname="AFSWWD9L2L7T4Z" failures="0" tests="11" name="Default test" time="20.297" errors="0" timestamp="2023-02-09T15:16:21 CST">
  <testcase classname="com.jabbott.listr.WebappTests" name="signupUser" time="2.206"/>
  <testcase classname="com.jabbott.listr.WebappTests" name="userLogin" time="1.546"/>
  <testcase classname="com.jabbott.listr.WebappTests" name="createList" time="1.291"/>
  <testcase classname="com.jabbott.listr.WebappTests" name="createCategory" time="1.246"/>
  <testcase classname="com.jabbott.listr.WebappTests" name="createItem" time="1.726"/>
  <testcase classname="com.jabbott.listr.WebappTests" name="editList" time="1.279"/>
  <testcase classname="com.jabbott.listr.WebappTests" name="editCategory" time="1.298"/>
  <testcase classname="com.jabbott.listr.WebappTests" name="editItem" time="1.895"/>
  <testcase classname="com.jabbott.listr.WebappTests" name="deleteItem" time="1.119"/>
  <testcase classname="com.jabbott.listr.WebappTests" name="deleteCategory" time="1.154"/>
  <testcase classname="com.jabbott.listr.WebappTests" name="deleteList" time="1.69"/>
</testsuite> <!-- Default test -->
